This is pdfTeX, Version 3.141592653-2.6-1.40.23 (TeX Live 2021/W32TeX) (preloaded format=pdflatex 2021.9.21)  29 NOV 2021 22:54
entering extended mode
 restricted \write18 enabled.
 %&-line parsing enabled.
**main.tex
(./main.tex
LaTeX2e <2021-06-01> patch level 1
L3 programming layer <2021-08-27> (./fphw.cls
Document Class: fphw 2019/03/19
(d:/Apps/Texlive/2021/texmf-dist/tex/latex/fancyhdr/fancyhdr.sty
Package: fancyhdr 2021/01/28 v4.0.1 Extensive control of page headers and foote
rs
\f@nch@headwidth=\skip47
\f@nch@O@elh=\skip48
\f@nch@O@erh=\skip49
\f@nch@O@olh=\skip50
\f@nch@O@orh=\skip51
\f@nch@O@elf=\skip52
\f@nch@O@erf=\skip53
\f@nch@O@olf=\skip54
\f@nch@O@orf=\skip55
)
(d:/Apps/Texlive/2021/texmf-dist/tex/latex/base/article.cls
Document Class: article 2021/02/12 v1.4n Standard LaTeX document class
(d:/Apps/Texlive/2021/texmf-dist/tex/latex/base/size12.clo
File: size12.clo 2021/02/12 v1.4n Standard LaTeX file (size option)
)
\c@part=\count182
\c@section=\count183
\c@subsection=\count184
\c@subsubsection=\count185
\c@paragraph=\count186
\c@subparagraph=\count187
\c@figure=\count188
\c@table=\count189
\abovecaptionskip=\skip56
\belowcaptionskip=\skip57
\bibindent=\dimen138
)
(d:/Apps/Texlive/2021/texmf-dist/tex/latex/titlesec/titlesec.sty
Package: titlesec 2021/07/05 v2.14 Sectioning titles
\ttl@box=\box50
\beforetitleunit=\skip58
\aftertitleunit=\skip59
\ttl@plus=\dimen139
\ttl@minus=\dimen140
\ttl@toksa=\toks16
\titlewidth=\dimen141
\titlewidthlast=\dimen142
\titlewidthfirst=\dimen143
)
(d:/Apps/Texlive/2021/texmf-dist/tex/latex/geometry/geometry.sty
Package: geometry 2020/01/02 v5.9 Page Geometry

(d:/Apps/Texlive/2021/texmf-dist/tex/latex/graphics/keyval.sty
Package: keyval 2014/10/28 v1.15 key=value parser (DPC)
\KV@toks@=\toks17
)
(d:/Apps/Texlive/2021/texmf-dist/tex/generic/iftex/ifvtex.sty
Package: ifvtex 2019/10/25 v1.7 ifvtex legacy package. Use iftex instead.

(d:/Apps/Texlive/2021/texmf-dist/tex/generic/iftex/iftex.sty
Package: iftex 2020/03/06 v1.0d TeX engine tests
))
\Gm@cnth=\count190
\Gm@cntv=\count191
\c@Gm@tempcnt=\count192
\Gm@bindingoffset=\dimen144
\Gm@wd@mp=\dimen145
\Gm@odd@mp=\dimen146
\Gm@even@mp=\dimen147
\Gm@layoutwidth=\dimen148
\Gm@layoutheight=\dimen149
\Gm@layouthoffset=\dimen150
\Gm@layoutvoffset=\dimen151
\Gm@dimlist=\toks18
)
\problembox=\box51
)
(d:/Apps/Texlive/2021/texmf-dist/tex/latex/base/inputenc.sty
Package: inputenc 2021/02/14 v1.3d Input encoding file
\inpenc@prehook=\toks19
\inpenc@posthook=\toks20
)
(d:/Apps/Texlive/2021/texmf-dist/tex/latex/base/fontenc.sty
Package: fontenc 2021/04/29 v2.0v Standard LaTeX package
)
(d:/Apps/Texlive/2021/texmf-dist/tex/latex/psnfss/mathpazo.sty
Package: mathpazo 2020/03/25 PSNFSS-v9.3 Palatino w/ Pazo Math (D.Puga, WaS) 
\symupright=\mathgroup4
)
(d:/Apps/Texlive/2021/texmf-dist/tex/latex/graphics/graphicx.sty
Package: graphicx 2020/12/05 v1.2c Enhanced LaTeX Graphics (DPC,SPQR)

(d:/Apps/Texlive/2021/texmf-dist/tex/latex/graphics/graphics.sty
Package: graphics 2021/03/04 v1.4d Standard LaTeX Graphics (DPC,SPQR)

(d:/Apps/Texlive/2021/texmf-dist/tex/latex/graphics/trig.sty
Package: trig 2016/01/03 v1.10 sin cos tan (DPC)
)
(d:/Apps/Texlive/2021/texmf-dist/tex/latex/graphics-cfg/graphics.cfg
File: graphics.cfg 2016/06/04 v1.11 sample graphics configuration
)
Package graphics Info: Driver file: pdftex.def on input line 107.

(d:/Apps/Texlive/2021/texmf-dist/tex/latex/graphics-def/pdftex.def
File: pdftex.def 2020/10/05 v1.2a Graphics/color driver for pdftex
))
\Gin@req@height=\dimen152
\Gin@req@width=\dimen153
)
(d:/Apps/Texlive/2021/texmf-dist/tex/latex/booktabs/booktabs.sty
Package: booktabs 2020/01/12 v1.61803398 Publication quality tables
\heavyrulewidth=\dimen154
\lightrulewidth=\dimen155
\cmidrulewidth=\dimen156
\belowrulesep=\dimen157
\belowbottomsep=\dimen158
\aboverulesep=\dimen159
\abovetopsep=\dimen160
\cmidrulesep=\dimen161
\cmidrulekern=\dimen162
\defaultaddspace=\dimen163
\@cmidla=\count193
\@cmidlb=\count194
\@aboverulesep=\dimen164
\@belowrulesep=\dimen165
\@thisruleclass=\count195
\@lastruleclass=\count196
\@thisrulewidth=\dimen166
)
(d:/Apps/Texlive/2021/texmf-dist/tex/latex/listings/listings.sty
\lst@mode=\count197
\lst@gtempboxa=\box52
\lst@token=\toks21
\lst@length=\count198
\lst@currlwidth=\dimen167
\lst@column=\count199
\lst@pos=\count266
\lst@lostspace=\dimen168
\lst@width=\dimen169
\lst@newlines=\count267
\lst@lineno=\count268
\lst@maxwidth=\dimen170

(d:/Apps/Texlive/2021/texmf-dist/tex/latex/listings/lstmisc.sty
File: lstmisc.sty 2020/03/24 1.8d (Carsten Heinz)
\c@lstnumber=\count269
\lst@skipnumbers=\count270
\lst@framebox=\box53
)
(d:/Apps/Texlive/2021/texmf-dist/tex/latex/listings/listings.cfg
File: listings.cfg 2020/03/24 1.8d listings configuration
))
Package: listings 2020/03/24 1.8d (Carsten Heinz)

(d:/Apps/Texlive/2021/texmf-dist/tex/latex/tools/enumerate.sty
Package: enumerate 2015/07/23 v3.00 enumerate extensions (DPC)
\@enLab=\toks22
)
(d:/Apps/Texlive/2021/texmf-dist/tex/generic/babel/babel.sty
Package: babel 2021/07/22 3.63 The Babel package

(d:/Apps/Texlive/2021/texmf-dist/tex/generic/babel/babel.def
File: babel.def 2021/07/22 3.63 Babel common definitions
\babel@savecnt=\count271
\U@D=\dimen171
\l@unhyphenated=\language87

(d:/Apps/Texlive/2021/texmf-dist/tex/generic/babel/txtbabel.def)
\bbl@readstream=\read2
)
\bbl@dirlevel=\count272

(d:/Apps/Texlive/2021/texmf-dist/tex/generic/babel-english/english.ldf
Language: english 2017/06/06 v3.3r English support from the babel system
Package babel Info: Hyphen rules for 'canadian' set to \l@english
(babel)             (\language0). Reported on input line 102.
Package babel Info: Hyphen rules for 'australian' set to \l@ukenglish
(babel)             (\language21). Reported on input line 105.
Package babel Info: Hyphen rules for 'newzealand' set to \l@ukenglish
(babel)             (\language21). Reported on input line 108.
))
(d:/Apps/Texlive/2021/texmf-dist/tex/latex/amsmath/amsmath.sty
Package: amsmath 2021/04/20 v2.17j AMS math features
\@mathmargin=\skip60

For additional information on amsmath, use the `?' option.
(d:/Apps/Texlive/2021/texmf-dist/tex/latex/amsmath/amstext.sty
Package: amstext 2000/06/29 v2.01 AMS text

(d:/Apps/Texlive/2021/texmf-dist/tex/latex/amsmath/amsgen.sty
File: amsgen.sty 1999/11/30 v2.0 generic functions
\@emptytoks=\toks23
\ex@=\dimen172
))
(d:/Apps/Texlive/2021/texmf-dist/tex/latex/amsmath/amsbsy.sty
Package: amsbsy 1999/11/29 v1.2d Bold Symbols
\pmbraise@=\dimen173
)
(d:/Apps/Texlive/2021/texmf-dist/tex/latex/amsmath/amsopn.sty
Package: amsopn 2016/03/08 v2.02 operator names
)
\inf@bad=\count273
LaTeX Info: Redefining \frac on input line 234.
\uproot@=\count274
\leftroot@=\count275
LaTeX Info: Redefining \overline on input line 399.
\classnum@=\count276
\DOTSCASE@=\count277
LaTeX Info: Redefining \ldots on input line 496.
LaTeX Info: Redefining \dots on input line 499.
LaTeX Info: Redefining \cdots on input line 620.
\Mathstrutbox@=\box54
\strutbox@=\box55
\big@size=\dimen174
LaTeX Font Info:    Redeclaring font encoding OML on input line 743.
LaTeX Font Info:    Redeclaring font encoding OMS on input line 744.
\macc@depth=\count278
\c@MaxMatrixCols=\count279
\dotsspace@=\muskip16
\c@parentequation=\count280
\dspbrk@lvl=\count281
\tag@help=\toks24
\row@=\count282
\column@=\count283
\maxfields@=\count284
\andhelp@=\toks25
\eqnshift@=\dimen175
\alignsep@=\dimen176
\tagshift@=\dimen177
\tagwidth@=\dimen178
\totwidth@=\dimen179
\lineht@=\dimen180
\@envbody=\toks26
\multlinegap=\skip61
\multlinetaggap=\skip62
\mathdisplay@stack=\toks27
LaTeX Info: Redefining \[ on input line 2923.
LaTeX Info: Redefining \] on input line 2924.
)
(d:/Apps/Texlive/2021/texmf-dist/tex/latex/float/float.sty
Package: float 2001/11/08 v1.3d Float enhancements (AL)
\c@float@type=\count285
\float@exts=\toks28
\float@box=\box56
\@float@everytoks=\toks29
\@floatcapt=\box57
)
(d:/Apps/Texlive/2021/texmf-dist/tex/latex/todonotes/todonotes.sty
Package: todonotes 2021/06/04 v1.1.5 Todonotes source and documentation.
Package: todonotes 2021/06/04

(d:/Apps/Texlive/2021/texmf-dist/tex/latex/base/ifthen.sty
Package: ifthen 2020/11/24 v1.1c Standard LaTeX ifthen package (DPC)
)
(d:/Apps/Texlive/2021/texmf-dist/tex/latex/xkeyval/xkeyval.sty
Package: xkeyval 2020/11/20 v2.8 package option processing (HA)

(d:/Apps/Texlive/2021/texmf-dist/tex/generic/xkeyval/xkeyval.tex
(d:/Apps/Texlive/2021/texmf-dist/tex/generic/xkeyval/xkvutils.tex
\XKV@toks=\toks30
\XKV@tempa@toks=\toks31
)
\XKV@depth=\count286
File: xkeyval.tex 2014/12/03 v2.7a key=value parser (HA)
))
(d:/Apps/Texlive/2021/texmf-dist/tex/latex/xcolor/xcolor.sty
Package: xcolor 2016/05/11 v2.12 LaTeX color extensions (UK)

(d:/Apps/Texlive/2021/texmf-dist/tex/latex/graphics-cfg/color.cfg
File: color.cfg 2016/01/02 v1.6 sample color configuration
)
Package xcolor Info: Driver file: pdftex.def on input line 225.
Package xcolor Info: Model `cmy' substituted by `cmy0' on input line 1348.
Package xcolor Info: Model `hsb' substituted by `rgb' on input line 1352.
Package xcolor Info: Model `RGB' extended on input line 1364.
Package xcolor Info: Model `HTML' substituted by `rgb' on input line 1366.
Package xcolor Info: Model `Hsb' substituted by `hsb' on input line 1367.
Package xcolor Info: Model `tHsb' substituted by `hsb' on input line 1368.
Package xcolor Info: Model `HSB' substituted by `hsb' on input line 1369.
Package xcolor Info: Model `Gray' substituted by `gray' on input line 1370.
Package xcolor Info: Model `wave' substituted by `hsb' on input line 1371.
)
(d:/Apps/Texlive/2021/texmf-dist/tex/latex/pgf/frontendlayer/tikz.sty
(d:/Apps/Texlive/2021/texmf-dist/tex/latex/pgf/basiclayer/pgf.sty
(d:/Apps/Texlive/2021/texmf-dist/tex/latex/pgf/utilities/pgfrcs.sty
(d:/Apps/Texlive/2021/texmf-dist/tex/generic/pgf/utilities/pgfutil-common.tex
\pgfutil@everybye=\toks32
\pgfutil@tempdima=\dimen181
\pgfutil@tempdimb=\dimen182

(d:/Apps/Texlive/2021/texmf-dist/tex/generic/pgf/utilities/pgfutil-common-lists
.tex))
(d:/Apps/Texlive/2021/texmf-dist/tex/generic/pgf/utilities/pgfutil-latex.def
\pgfutil@abb=\box58
)
(d:/Apps/Texlive/2021/texmf-dist/tex/generic/pgf/utilities/pgfrcs.code.tex
(d:/Apps/Texlive/2021/texmf-dist/tex/generic/pgf/pgf.revision.tex)
Package: pgfrcs 2021/05/15 v3.1.9a (3.1.9a)
))
Package: pgf 2021/05/15 v3.1.9a (3.1.9a)

(d:/Apps/Texlive/2021/texmf-dist/tex/latex/pgf/basiclayer/pgfcore.sty
(d:/Apps/Texlive/2021/texmf-dist/tex/latex/pgf/systemlayer/pgfsys.sty
(d:/Apps/Texlive/2021/texmf-dist/tex/generic/pgf/systemlayer/pgfsys.code.tex
Package: pgfsys 2021/05/15 v3.1.9a (3.1.9a)

(d:/Apps/Texlive/2021/texmf-dist/tex/generic/pgf/utilities/pgfkeys.code.tex
\pgfkeys@pathtoks=\toks33
\pgfkeys@temptoks=\toks34

(d:/Apps/Texlive/2021/texmf-dist/tex/generic/pgf/utilities/pgfkeysfiltered.code
.tex
\pgfkeys@tmptoks=\toks35
))
\pgf@x=\dimen183
\pgf@y=\dimen184
\pgf@xa=\dimen185
\pgf@ya=\dimen186
\pgf@xb=\dimen187
\pgf@yb=\dimen188
\pgf@xc=\dimen189
\pgf@yc=\dimen190
\pgf@xd=\dimen191
\pgf@yd=\dimen192
\w@pgf@writea=\write3
\r@pgf@reada=\read3
\c@pgf@counta=\count287
\c@pgf@countb=\count288
\c@pgf@countc=\count289
\c@pgf@countd=\count290
\t@pgf@toka=\toks36
\t@pgf@tokb=\toks37
\t@pgf@tokc=\toks38
\pgf@sys@id@count=\count291
 (d:/Apps/Texlive/2021/texmf-dist/tex/generic/pgf/systemlayer/pgf.cfg
File: pgf.cfg 2021/05/15 v3.1.9a (3.1.9a)
)
Driver file for pgf: pgfsys-pdftex.def

(d:/Apps/Texlive/2021/texmf-dist/tex/generic/pgf/systemlayer/pgfsys-pdftex.def
File: pgfsys-pdftex.def 2021/05/15 v3.1.9a (3.1.9a)

(d:/Apps/Texlive/2021/texmf-dist/tex/generic/pgf/systemlayer/pgfsys-common-pdf.
def
File: pgfsys-common-pdf.def 2021/05/15 v3.1.9a (3.1.9a)
)))
(d:/Apps/Texlive/2021/texmf-dist/tex/generic/pgf/systemlayer/pgfsyssoftpath.cod
e.tex
File: pgfsyssoftpath.code.tex 2021/05/15 v3.1.9a (3.1.9a)
\pgfsyssoftpath@smallbuffer@items=\count292
\pgfsyssoftpath@bigbuffer@items=\count293
)
(d:/Apps/Texlive/2021/texmf-dist/tex/generic/pgf/systemlayer/pgfsysprotocol.cod
e.tex
File: pgfsysprotocol.code.tex 2021/05/15 v3.1.9a (3.1.9a)
))
(d:/Apps/Texlive/2021/texmf-dist/tex/generic/pgf/basiclayer/pgfcore.code.tex
Package: pgfcore 2021/05/15 v3.1.9a (3.1.9a)

(d:/Apps/Texlive/2021/texmf-dist/tex/generic/pgf/math/pgfmath.code.tex
(d:/Apps/Texlive/2021/texmf-dist/tex/generic/pgf/math/pgfmathcalc.code.tex
(d:/Apps/Texlive/2021/texmf-dist/tex/generic/pgf/math/pgfmathutil.code.tex)
(d:/Apps/Texlive/2021/texmf-dist/tex/generic/pgf/math/pgfmathparser.code.tex
\pgfmath@dimen=\dimen193
\pgfmath@count=\count294
\pgfmath@box=\box59
\pgfmath@toks=\toks39
\pgfmath@stack@operand=\toks40
\pgfmath@stack@operation=\toks41
)
(d:/Apps/Texlive/2021/texmf-dist/tex/generic/pgf/math/pgfmathfunctions.code.tex

(d:/Apps/Texlive/2021/texmf-dist/tex/generic/pgf/math/pgfmathfunctions.basic.co
de.tex)
(d:/Apps/Texlive/2021/texmf-dist/tex/generic/pgf/math/pgfmathfunctions.trigonom
etric.code.tex)
(d:/Apps/Texlive/2021/texmf-dist/tex/generic/pgf/math/pgfmathfunctions.random.c
ode.tex)
(d:/Apps/Texlive/2021/texmf-dist/tex/generic/pgf/math/pgfmathfunctions.comparis
on.code.tex)
(d:/Apps/Texlive/2021/texmf-dist/tex/generic/pgf/math/pgfmathfunctions.base.cod
e.tex)
(d:/Apps/Texlive/2021/texmf-dist/tex/generic/pgf/math/pgfmathfunctions.round.co
de.tex)
(d:/Apps/Texlive/2021/texmf-dist/tex/generic/pgf/math/pgfmathfunctions.misc.cod
e.tex)
(d:/Apps/Texlive/2021/texmf-dist/tex/generic/pgf/math/pgfmathfunctions.integera
rithmetics.code.tex)))
(d:/Apps/Texlive/2021/texmf-dist/tex/generic/pgf/math/pgfmathfloat.code.tex
\c@pgfmathroundto@lastzeros=\count295
))
(d:/Apps/Texlive/2021/texmf-dist/tex/generic/pgf/math/pgfint.code.tex)
(d:/Apps/Texlive/2021/texmf-dist/tex/generic/pgf/basiclayer/pgfcorepoints.code.
tex
File: pgfcorepoints.code.tex 2021/05/15 v3.1.9a (3.1.9a)
\pgf@picminx=\dimen194
\pgf@picmaxx=\dimen195
\pgf@picminy=\dimen196
\pgf@picmaxy=\dimen197
\pgf@pathminx=\dimen198
\pgf@pathmaxx=\dimen199
\pgf@pathminy=\dimen256
\pgf@pathmaxy=\dimen257
\pgf@xx=\dimen258
\pgf@xy=\dimen259
\pgf@yx=\dimen260
\pgf@yy=\dimen261
\pgf@zx=\dimen262
\pgf@zy=\dimen263
)
(d:/Apps/Texlive/2021/texmf-dist/tex/generic/pgf/basiclayer/pgfcorepathconstruc
t.code.tex
File: pgfcorepathconstruct.code.tex 2021/05/15 v3.1.9a (3.1.9a)
\pgf@path@lastx=\dimen264
\pgf@path@lasty=\dimen265
)
(d:/Apps/Texlive/2021/texmf-dist/tex/generic/pgf/basiclayer/pgfcorepathusage.co
de.tex
File: pgfcorepathusage.code.tex 2021/05/15 v3.1.9a (3.1.9a)
\pgf@shorten@end@additional=\dimen266
\pgf@shorten@start@additional=\dimen267
)
(d:/Apps/Texlive/2021/texmf-dist/tex/generic/pgf/basiclayer/pgfcorescopes.code.
tex
File: pgfcorescopes.code.tex 2021/05/15 v3.1.9a (3.1.9a)
\pgfpic=\box60
\pgf@hbox=\box61
\pgf@layerbox@main=\box62
\pgf@picture@serial@count=\count296
)
(d:/Apps/Texlive/2021/texmf-dist/tex/generic/pgf/basiclayer/pgfcoregraphicstate
.code.tex
File: pgfcoregraphicstate.code.tex 2021/05/15 v3.1.9a (3.1.9a)
\pgflinewidth=\dimen268
)
(d:/Apps/Texlive/2021/texmf-dist/tex/generic/pgf/basiclayer/pgfcoretransformati
ons.code.tex
File: pgfcoretransformations.code.tex 2021/05/15 v3.1.9a (3.1.9a)
\pgf@pt@x=\dimen269
\pgf@pt@y=\dimen270
\pgf@pt@temp=\dimen271
)
(d:/Apps/Texlive/2021/texmf-dist/tex/generic/pgf/basiclayer/pgfcorequick.code.t
ex
File: pgfcorequick.code.tex 2021/05/15 v3.1.9a (3.1.9a)
)
(d:/Apps/Texlive/2021/texmf-dist/tex/generic/pgf/basiclayer/pgfcoreobjects.code
.tex
File: pgfcoreobjects.code.tex 2021/05/15 v3.1.9a (3.1.9a)
)
(d:/Apps/Texlive/2021/texmf-dist/tex/generic/pgf/basiclayer/pgfcorepathprocessi
ng.code.tex
File: pgfcorepathprocessing.code.tex 2021/05/15 v3.1.9a (3.1.9a)
)
(d:/Apps/Texlive/2021/texmf-dist/tex/generic/pgf/basiclayer/pgfcorearrows.code.
tex
File: pgfcorearrows.code.tex 2021/05/15 v3.1.9a (3.1.9a)
\pgfarrowsep=\dimen272
)
(d:/Apps/Texlive/2021/texmf-dist/tex/generic/pgf/basiclayer/pgfcoreshade.code.t
ex
File: pgfcoreshade.code.tex 2021/05/15 v3.1.9a (3.1.9a)
\pgf@max=\dimen273
\pgf@sys@shading@range@num=\count297
\pgf@shadingcount=\count298
)
(d:/Apps/Texlive/2021/texmf-dist/tex/generic/pgf/basiclayer/pgfcoreimage.code.t
ex
File: pgfcoreimage.code.tex 2021/05/15 v3.1.9a (3.1.9a)

(d:/Apps/Texlive/2021/texmf-dist/tex/generic/pgf/basiclayer/pgfcoreexternal.cod
e.tex
File: pgfcoreexternal.code.tex 2021/05/15 v3.1.9a (3.1.9a)
\pgfexternal@startupbox=\box63
))
(d:/Apps/Texlive/2021/texmf-dist/tex/generic/pgf/basiclayer/pgfcorelayers.code.
tex
File: pgfcorelayers.code.tex 2021/05/15 v3.1.9a (3.1.9a)
)
(d:/Apps/Texlive/2021/texmf-dist/tex/generic/pgf/basiclayer/pgfcoretransparency
.code.tex
File: pgfcoretransparency.code.tex 2021/05/15 v3.1.9a (3.1.9a)
)
(d:/Apps/Texlive/2021/texmf-dist/tex/generic/pgf/basiclayer/pgfcorepatterns.cod
e.tex
File: pgfcorepatterns.code.tex 2021/05/15 v3.1.9a (3.1.9a)
)
(d:/Apps/Texlive/2021/texmf-dist/tex/generic/pgf/basiclayer/pgfcorerdf.code.tex
File: pgfcorerdf.code.tex 2021/05/15 v3.1.9a (3.1.9a)
)))
(d:/Apps/Texlive/2021/texmf-dist/tex/generic/pgf/modules/pgfmoduleshapes.code.t
ex
File: pgfmoduleshapes.code.tex 2021/05/15 v3.1.9a (3.1.9a)
\pgfnodeparttextbox=\box64
)
(d:/Apps/Texlive/2021/texmf-dist/tex/generic/pgf/modules/pgfmoduleplot.code.tex
File: pgfmoduleplot.code.tex 2021/05/15 v3.1.9a (3.1.9a)
)
(d:/Apps/Texlive/2021/texmf-dist/tex/latex/pgf/compatibility/pgfcomp-version-0-
65.sty
Package: pgfcomp-version-0-65 2021/05/15 v3.1.9a (3.1.9a)
\pgf@nodesepstart=\dimen274
\pgf@nodesepend=\dimen275
)
(d:/Apps/Texlive/2021/texmf-dist/tex/latex/pgf/compatibility/pgfcomp-version-1-
18.sty
Package: pgfcomp-version-1-18 2021/05/15 v3.1.9a (3.1.9a)
)) (d:/Apps/Texlive/2021/texmf-dist/tex/latex/pgf/utilities/pgffor.sty
(d:/Apps/Texlive/2021/texmf-dist/tex/latex/pgf/utilities/pgfkeys.sty
(d:/Apps/Texlive/2021/texmf-dist/tex/generic/pgf/utilities/pgfkeys.code.tex))
(d:/Apps/Texlive/2021/texmf-dist/tex/latex/pgf/math/pgfmath.sty
(d:/Apps/Texlive/2021/texmf-dist/tex/generic/pgf/math/pgfmath.code.tex))
(d:/Apps/Texlive/2021/texmf-dist/tex/generic/pgf/utilities/pgffor.code.tex
Package: pgffor 2021/05/15 v3.1.9a (3.1.9a)

(d:/Apps/Texlive/2021/texmf-dist/tex/generic/pgf/math/pgfmath.code.tex)
\pgffor@iter=\dimen276
\pgffor@skip=\dimen277
\pgffor@stack=\toks42
\pgffor@toks=\toks43
))
(d:/Apps/Texlive/2021/texmf-dist/tex/generic/pgf/frontendlayer/tikz/tikz.code.t
ex
Package: tikz 2021/05/15 v3.1.9a (3.1.9a)

(d:/Apps/Texlive/2021/texmf-dist/tex/generic/pgf/libraries/pgflibraryplothandle
rs.code.tex
File: pgflibraryplothandlers.code.tex 2021/05/15 v3.1.9a (3.1.9a)
\pgf@plot@mark@count=\count299
\pgfplotmarksize=\dimen278
)
\tikz@lastx=\dimen279
\tikz@lasty=\dimen280
\tikz@lastxsaved=\dimen281
\tikz@lastysaved=\dimen282
\tikz@lastmovetox=\dimen283
\tikz@lastmovetoy=\dimen284
\tikzleveldistance=\dimen285
\tikzsiblingdistance=\dimen286
\tikz@figbox=\box65
\tikz@figbox@bg=\box66
\tikz@tempbox=\box67
\tikz@tempbox@bg=\box68
\tikztreelevel=\count300
\tikznumberofchildren=\count301
\tikznumberofcurrentchild=\count302
\tikz@fig@count=\count303

(d:/Apps/Texlive/2021/texmf-dist/tex/generic/pgf/modules/pgfmodulematrix.code.t
ex
File: pgfmodulematrix.code.tex 2021/05/15 v3.1.9a (3.1.9a)
\pgfmatrixcurrentrow=\count304
\pgfmatrixcurrentcolumn=\count305
\pgf@matrix@numberofcolumns=\count306
)
\tikz@expandcount=\count307

(d:/Apps/Texlive/2021/texmf-dist/tex/generic/pgf/frontendlayer/tikz/libraries/t
ikzlibrarytopaths.code.tex
File: tikzlibrarytopaths.code.tex 2021/05/15 v3.1.9a (3.1.9a)
)))
(d:/Apps/Texlive/2021/texmf-dist/tex/generic/pgf/frontendlayer/tikz/libraries/t
ikzlibrarypositioning.code.tex
File: tikzlibrarypositioning.code.tex 2021/05/15 v3.1.9a (3.1.9a)
)
(d:/Apps/Texlive/2021/texmf-dist/tex/latex/tools/calc.sty
Package: calc 2017/05/25 v4.3 Infix arithmetic (KKT,FJ)
\calc@Acount=\count308
\calc@Bcount=\count309
\calc@Adimen=\dimen287
\calc@Bdimen=\dimen288
\calc@Askip=\skip63
\calc@Bskip=\skip64
LaTeX Info: Redefining \setlength on input line 80.
LaTeX Info: Redefining \addtolength on input line 81.
\calc@Ccount=\count310
\calc@Cskip=\skip65
)
\c@@todonotes@numberoftodonotes=\count311
)
(d:/Apps/Texlive/2021/texmf-dist/tex/latex/listings/lstlang1.sty
File: lstlang1.sty 2020/03/24 1.8d listings language file
)
LaTeX Font Info:    Trying to load font information for T1+ppl on input line 38
.

(d:/Apps/Texlive/2021/texmf-dist/tex/latex/psnfss/t1ppl.fd
File: t1ppl.fd 2001/06/04 font definitions for T1/ppl.
)
(d:/Apps/Texlive/2021/texmf-dist/tex/latex/l3backend/l3backend-pdftex.def
File: l3backend-pdftex.def 2021-08-04 L3 backend support: PDF output (pdfTeX)
\l__color_backend_stack_int=\count312
\l__pdf_internal_box=\box69
)
(./main.aux

LaTeX Warning: Label `lst:luftballons' multiply defined.

)
\openout1 = `main.aux'.

LaTeX Font Info:    Checking defaults for OML/cmm/m/it on input line 38.
LaTeX Font Info:    ... okay on input line 38.
LaTeX Font Info:    Checking defaults for OMS/cmsy/m/n on input line 38.
LaTeX Font Info:    ... okay on input line 38.
LaTeX Font Info:    Checking defaults for OT1/cmr/m/n on input line 38.
LaTeX Font Info:    ... okay on input line 38.
LaTeX Font Info:    Checking defaults for T1/cmr/m/n on input line 38.
LaTeX Font Info:    ... okay on input line 38.
LaTeX Font Info:    Checking defaults for TS1/cmr/m/n on input line 38.
LaTeX Font Info:    ... okay on input line 38.
LaTeX Font Info:    Checking defaults for OMX/cmex/m/n on input line 38.
LaTeX Font Info:    ... okay on input line 38.
LaTeX Font Info:    Checking defaults for U/cmr/m/n on input line 38.
LaTeX Font Info:    ... okay on input line 38.

*geometry* driver: auto-detecting
*geometry* detected driver: pdftex
*geometry* verbose mode - [ preamble ] result:
* driver: pdftex
* paper: <default>
* layout: <same size as paper>
* layoutoffset:(h,v)=(0.0pt,0.0pt)
* modes: 
* h-part:(L,W,R)=(71.13188pt, 455.24411pt, 71.13188pt)
* v-part:(T,H,B)=(71.13188pt, 702.78308pt, 71.13188pt)
* \paperwidth=597.50787pt
* \paperheight=845.04684pt
* \textwidth=455.24411pt
* \textheight=702.78308pt
* \oddsidemargin=-1.1381pt
* \evensidemargin=-1.1381pt
* \topmargin=-38.1381pt
* \headheight=12.0pt
* \headsep=25.0pt
* \topskip=12.0pt
* \footskip=30.0pt
* \marginparwidth=35.0pt
* \marginparsep=10.0pt
* \columnsep=10.0pt
* \skip\footins=10.8pt plus 4.0pt minus 2.0pt
* \hoffset=0.0pt
* \voffset=0.0pt
* \mag=1000
* \@twocolumnfalse
* \@twosidefalse
* \@mparswitchfalse
* \@reversemarginfalse
* (1in=72.27pt=25.4mm, 1cm=28.453pt)

(d:/Apps/Texlive/2021/texmf-dist/tex/context/base/mkii/supp-pdf.mkii
[Loading MPS to PDF converter (version 2006.09.02).]
\scratchcounter=\count313
\scratchdimen=\dimen289
\scratchbox=\box70
\nofMPsegments=\count314
\nofMParguments=\count315
\everyMPshowfont=\toks44
\MPscratchCnt=\count316
\MPscratchDim=\dimen290
\MPnumerator=\count317
\makeMPintoPDFobject=\count318
\everyMPtoPDFconversion=\toks45
) (d:/Apps/Texlive/2021/texmf-dist/tex/latex/epstopdf-pkg/epstopdf-base.sty
Package: epstopdf-base 2020-01-24 v2.11 Base part for package epstopdf
Package epstopdf-base Info: Redefining graphics rule for `.eps' on input line 4
85.

(d:/Apps/Texlive/2021/texmf-dist/tex/latex/latexconfig/epstopdf-sys.cfg
File: epstopdf-sys.cfg 2010/07/13 v1.3 Configuration of (r)epstopdf for TeX Liv
e
))
\c@lstlisting=\count319


Package todonotes Warning: The length marginparwidth is less than 2cm and will 
most likely cause issues with the appearance of inserted todonotes. The issue c
an be solved by adding a line like \setlength {\marginparwidth }{2cm} prior to 
loading the todonotes package. on input line 38.

<logo_u-paris_tex_regular.png, id=4, 1867.97874pt x 711.65875pt>
File: logo_u-paris_tex_regular.png Graphic file (type png)
<use logo_u-paris_tex_regular.png>
Package pdftex.def Info: logo_u-paris_tex_regular.png  used on input line 52.
(pdftex.def)             Requested size: 373.58914pt x 142.32922pt.
LaTeX Font Info:    Trying to load font information for OT1+ppl on input line 7
4.
(d:/Apps/Texlive/2021/texmf-dist/tex/latex/psnfss/ot1ppl.fd
File: ot1ppl.fd 2001/06/04 font definitions for OT1/ppl.
)
LaTeX Font Info:    Trying to load font information for OML+zplm on input line 
74.

(d:/Apps/Texlive/2021/texmf-dist/tex/latex/psnfss/omlzplm.fd
File: omlzplm.fd 2002/09/08 Fontinst v1.914 font definitions for OML/zplm.
)
LaTeX Font Info:    Trying to load font information for OMS+zplm on input line 
74.

(d:/Apps/Texlive/2021/texmf-dist/tex/latex/psnfss/omszplm.fd
File: omszplm.fd 2002/09/08 Fontinst v1.914 font definitions for OMS/zplm.
)
LaTeX Font Info:    Trying to load font information for OMX+zplm on input line 
74.

(d:/Apps/Texlive/2021/texmf-dist/tex/latex/psnfss/omxzplm.fd
File: omxzplm.fd 2002/09/08 Fontinst v1.914 font definitions for OMX/zplm.
)
LaTeX Font Info:    Trying to load font information for OT1+zplm on input line 
74.

(d:/Apps/Texlive/2021/texmf-dist/tex/latex/psnfss/ot1zplm.fd
File: ot1zplm.fd 2002/09/08 Fontinst v1.914 font definitions for OT1/zplm.
) [1

{d:/Apps/Texlive/2021/texmf-var/fonts/map/pdftex/updmap/pdftex.map} <./logo_u-p
aris_tex_regular.png>]
Underfull \hbox (badness 10000) in paragraph at lines 114--116

 []


Underfull \hbox (badness 10000) in paragraph at lines 118--119

 []

LaTeX Font Info:    Trying to load font information for TS1+ppl on input line 1
30.
(d:/Apps/Texlive/2021/texmf-dist/tex/latex/psnfss/ts1ppl.fd
File: ts1ppl.fd 2001/06/04 font definitions for TS1/ppl.
)
Underfull \hbox (badness 10000) in paragraph at lines 144--146

 []

[1]
Underfull \hbox (badness 10000) in paragraph at lines 150--151

 []

<Figure2.4.png, id=20, 1027.84pt x 430.60875pt>
File: Figure2.4.png Graphic file (type png)
<use Figure2.4.png>
Package pdftex.def Info: Figure2.4.png  used on input line 162.
(pdftex.def)             Requested size: 455.24411pt x 190.7234pt.
[2 <./Figure2.4.png>]
Underfull \hbox (badness 10000) in paragraph at lines 191--192

 []

<Figure3.2.png, id=26, 905.3825pt x 656.4525pt>
File: Figure3.2.png Graphic file (type png)
<use Figure3.2.png>
Package pdftex.def Info: Figure3.2.png  used on input line 220.
(pdftex.def)             Requested size: 227.62206pt x 165.03424pt.

Underfull \hbox (badness 10000) in paragraph at lines 223--224

 []

<Figure3.2a.png, id=27, 584.1825pt x 562.1pt>
File: Figure3.2a.png Graphic file (type png)
<use Figure3.2a.png>
Package pdftex.def Info: Figure3.2a.png  used on input line 226.
(pdftex.def)             Requested size: 227.62206pt x 219.02084pt.
[3 <./Figure3.2.png>]
Underfull \hbox (badness 10000) in paragraph at lines 229--230

 []


Underfull \hbox (badness 10000) in paragraph at lines 231--232

 []


Overfull \hbox (20.07129pt too wide) in paragraph at lines 233--234
[]\T1/ppl/m/n/12 Le poids min-i-mal to-tal est l'addition de tous les poids de 
Fig-ure3.2 et Edge(F,G), Edge(B,D). 
 []


Underfull \hbox (badness 10000) in paragraph at lines 233--234

 []


Underfull \hbox (badness 10000) in paragraph at lines 235--237

 []

[4 <./Figure3.2a.png>]
(d:/Apps/Texlive/2021/texmf-dist/tex/latex/listings/lstlang1.sty
File: lstlang1.sty 2020/03/24 1.8d listings language file
)
(./GraphGenerate.java) [5]
Underfull \hbox (badness 10000) in paragraph at lines 259--260

 []

<graph.png, id=40, 390.45876pt x 344.28625pt>
File: graph.png Graphic file (type png)
<use graph.png>
Package pdftex.def Info: graph.png  used on input line 261.
(pdftex.def)             Requested size: 273.14923pt x 240.85689pt.

Overfull \hbox (7.90154pt too wide) in paragraph at lines 265--266
[] []\T1/ppl/b/n/12 Neo4j.[] \T1/ppl/m/n/12 Neo4j est une base de don-nées non 
re-la-tion-nelle, une base de don-nées graphique
 []


Underfull \hbox (badness 10000) in paragraph at lines 265--266

 []

(./NeoJava.java) [6 <./graph.png (PNG copy)>]
Underfull \hbox (badness 10000) in paragraph at lines 281--285

 []

<NeoWang.png, id=45, 436.63126pt x 255.20343pt>
File: NeoWang.png Graphic file (type png)
<use NeoWang.png>
Package pdftex.def Info: NeoWang.png  used on input line 313.
(pdftex.def)             Requested size: 227.62206pt x 133.04143pt.
<NeoUParis.png, id=46, 872.50969pt x 193.47281pt>
File: NeoUParis.png Graphic file (type png)
<use NeoUParis.png>
Package pdftex.def Info: NeoUParis.png  used on input line 316.
(pdftex.def)             Requested size: 455.24411pt x 100.94594pt.
[7 <./NeoWang.png> <./NeoUParis.png>]
Underfull \hbox (badness 10000) in paragraph at lines 322--323

 []

<structure_v1.0.png, id=52, 363.3575pt x 652.4375pt>
File: structure_v1.0.png Graphic file (type png)
<use structure_v1.0.png>
Package pdftex.def Info: structure_v1.0.png  used on input line 324.
(pdftex.def)             Requested size: 136.57462pt x 245.23091pt.

Underfull \hbox (badness 10000) in paragraph at lines 326--327

 []


Underfull \hbox (badness 10000) in paragraph at lines 328--331

 []

[8 <./structure_v1.0.png>] [9]
Underfull \hbox (badness 10000) in paragraph at lines 377--379

 []

<TP7B_dijkstra.png, id=60, 1001.7425pt x 527.9725pt>
File: TP7B_dijkstra.png Graphic file (type png)
<use TP7B_dijkstra.png>
Package pdftex.def Info: TP7B_dijkstra.png  used on input line 380.
(pdftex.def)             Requested size: 455.24411pt x 239.93784pt.
<TD7B_dijkstra_res.png, id=61, 807.015pt x 162.6075pt>
File: TD7B_dijkstra_res.png Graphic file (type png)
<use TD7B_dijkstra_res.png>
Package pdftex.def Info: TD7B_dijkstra_res.png  used on input line 386.
(pdftex.def)             Requested size: 455.24411pt x 91.72949pt.
[10 <./TP7B_dijkstra.png> <./TD7B_dijkstra_res.png>] (./main.aux)

LaTeX Warning: There were multiply-defined labels.

 ) 
Here is how much of TeX's memory you used:
 17487 strings out of 478599
 324751 string characters out of 5855596
 848002 words of memory out of 5000000
 35013 multiletter control sequences out of 15000+600000
 439540 words of font info for 83 fonts, out of 8000000 for 9000
 1141 hyphenation exceptions out of 8191
 99i,12n,97p,621b,1460s stack positions out of 5000i,500n,10000p,200000b,80000s
{d:/Apps/Texlive/2021/texmf-dist/fonts/enc/dvips/base/8r.enc}<d:/Apps/Texlive
/2021/texmf-dist/fonts/type1/public/amsfonts/cm/cmr10.pfb><d:/Apps/Texlive/2021
/texmf-dist/fonts/type1/public/mathpazo/fplmr.pfb><d:/Apps/Texlive/2021/texmf-d
ist/fonts/type1/urw/palatino/uplb8a.pfb><d:/Apps/Texlive/2021/texmf-dist/fonts/
type1/urw/palatino/uplbi8a.pfb><d:/Apps/Texlive/2021/texmf-dist/fonts/type1/urw
/palatino/uplr8a.pfb><d:/Apps/Texlive/2021/texmf-dist/fonts/type1/urw/palatino/
uplr8a.pfb><d:/Apps/Texlive/2021/texmf-dist/fonts/type1/urw/palatino/uplri8a.pf
b>
Output written on main.pdf (11 pages, 356703 bytes).
PDF statistics:
 99 PDF objects out of 1000 (max. 8388607)
 52 compressed objects within 1 object stream
 0 named destinations out of 1000 (max. 500000)
 63 words of extra memory for PDF output out of 10000 (max. 10000000)

